<?xml version="1.0" encoding="UTF-8"?>
<testsuite xmlns:xsi="http://www.w3.org/2001/XMLSchema-instance" xsi:noNamespaceSchemaLocation="https://maven.apache.org/surefire/maven-failsafe-plugin/xsd/failsafe-test-report-3.0.xsd" version="3.0" name="ExpressionParsingIT" time="0.295" tests="3" errors="0" skipped="0" failures="1">
  <properties>
[...]
</properties>
  <testcase name="testParseAndEvaluateExpression" classname="ExpressionParsingIT" time="0.07"/>
  <testcase name="testParseAndEvaluateFile" classname="ExpressionParsingIT" time="0.112">
    <failure message="expected:&lt;1+ 3=4[&#10;(1-(1+2)+((2+3+(1+4))))*3=24&#10;3*(1+4)=15&#10;1+1/3=1&#10;3*2/3=2&#10;3*(2/3)=0&#10;(1+1)*(3/2)=2&#10;23+23=46&#10;23*10+100=330&#10;40/4+10*8=90&#10;40/((4+1)*8)=1&#13;]&#10;&gt; but was:&lt;1+ 3=4[&#10;(1-(1+2)+((2+3+(1+4))))*3=24&#10;3*(1+4)=15&#10;1+1/3=1&#10;3*2/3=2&#10;3*(2/3)=0&#10;(1+1)*(3/2)=2&#10;23+23=46&#10;23*10+100=330&#10;40/4+10*8=90&#10;40/((4+1)*8)=1]&#10;&gt;" type="org.junit.ComparisonFailure"><![CDATA[org.junit.ComparisonFailure: 
expected:<1+ 3=4[
(1-(1+2)+((2+3+(1+4))))*3=24
3*(1+4)=15
1+1/3=1
3*2/3=2
3*(2/3)=0
(1+1)*(3/2)=2
23+23=46
23*10+100=330
40/4+10*8=90
40/((4+1)*8)=1]
> but was:<1+ 3=4[
(1-(1+2)+((2+3+(1+4))))*3=24
3*(1+4)=15
1+1/3=1
3*2/3=2
3*(2/3)=0
(1+1)*(3/2)=2
23+23=46
23*10+100=330
40/4+10*8=90
40/((4+1)*8)=1]
>
	at ExpressionParsingIT.testParseAndEvaluateFile(ExpressionParsingIT.java:32)
]]></failure>
  </testcase>
  <testcase name="testEvaluate" classname="ExpressionParsingIT" time="0.008"/>
</testsuite>