<?xml version="1.0" encoding="UTF-8"?>
<testsuite xmlns:xsi="http://www.w3.org/2001/XMLSchema-instance" xsi:noNamespaceSchemaLocation="https://maven.apache.org/surefire/maven-failsafe-plugin/xsd/failsafe-test-report-3.0.xsd" version="3.0" name="ExpressionParsingIT" time="0.151" tests="7" errors="0" skipped="0" failures="0">
  <properties>
[...]
</properties>
  <testcase name="testParseAndEvaluateExpression" classname="ExpressionParsingIT" time="0.047"/>
  <testcase name="testParseAndEvaluateFile" classname="ExpressionParsingIT" time="0.058"/>
  <testcase name="testEvaluate" classname="ExpressionParsingIT" time="0"/>
  <testcase name="testEvaluate1" classname="ExpressionParsingIT" time="0"/>
  <testcase name="testEvaluate2" classname="ExpressionParsingIT" time="0"/>
  <testcase name="testEvaluate3" classname="ExpressionParsingIT" time="0.015"/>
  <testcase name="testEvaluateBracket" classname="ExpressionParsingIT" time="0"/>
</testsuite>